14:56 jaygi1l joined #jgi1l
14:56 reformed_nogg joined #jgi1l
14:56 pls_fk_me_daddy joined #jgi1l
14:56 jaygi1l joined #jgi1l
14:56 <jaygi1l> Hi!
14:56 pls_fk_me_daddy joined #jgi1l
14:56 <pls_fk_me_daddy> Hi!
14:56 reformed_nogg joined #jgi1l
14:56 <reformed_nogg> Hi!
14:56 <jaygi1l> Hi!
14:56 <jaygi1l> Hi!
14:56 <pls_fk_me_daddy> Hi!
14:56 <pls_fk_me_daddy> Hi!
14:56 <reformed_nogg> Hi!
14:56 <reformed_nogg> Hi!
14:57 <jgi1l> a
14:57 <jgi1l> a
14:57 <jgi1l> a
14:59 reformed_nogg joined #jgi1l
14:59 pls_fk_me_daddy joined #jgi1l
14:59 jaygi1l joined #jgi1l
14:59 reformed_nogg joined #jgi1l
14:59 <reformed_nogg> Hi!
14:59 jaygi1l joined #jgi1l
14:59 <jaygi1l> Hi!
14:59 pls_fk_me_daddy joined #jgi1l
14:59 <pls_fk_me_daddy> Hi!
14:59 <reformed_nogg> Hi!
14:59 <reformed_nogg> Hi!
14:59 <pls_fk_me_daddy> Hi!
14:59 <jaygi1l> Hi!
14:59 <pls_fk_me_daddy> Hi!
14:59 <jaygi1l> Hi!
14:59 <jgi1l> !echo 3 fuck you
14:59 <jgi1l> !echo 3 fuck you
14:59 <jgi1l> !echo 3 fuck you
15:00 jaygi1l joined #jgi1l
15:00 reformed_nogg joined #jgi1l
15:00 pls_fk_me_daddy joined #jgi1l
15:00 jaygi1l joined #jgi1l
15:00 <jaygi1l> Hi!
15:00 reformed_nogg joined #jgi1l
15:00 <reformed_nogg> Hi!
15:00 pls_fk_me_daddy joined #jgi1l
15:00 <pls_fk_me_daddy> Hi!
15:00 <jaygi1l> Hi!
15:00 <jaygi1l> Hi!
15:00 <reformed_nogg> Hi!
15:00 <reformed_nogg> Hi!
15:00 <pls_fk_me_daddy> Hi!
15:00 <pls_fk_me_daddy> Hi!
15:00 <jgi1l> !spam 3 fuck you
15:00 <jgi1l> !spam 3 fuck you
15:00 <jgi1l> !spam 3 fuck you
15:01 <jgi1l> @spam 3 fuck you
15:01 <jgi1l> @spam 3 fuck you
15:01 <jgi1l> @spam 3 fuck you
15:01 <jgi1l> !echo 3 fuck you
15:01 <jgi1l> !echo 3 fuck you
15:01 <jgi1l> !echo 3 fuck you
15:01 <reformed_nogg> fuck you
15:01 <jaygi1l> fuck you
15:01 <pls_fk_me_daddy> fuck you
15:01 <pls_fk_me_daddy> fuck you
15:01 <pls_fk_me_daddy> fuck you
15:01 <jaygi1l> fuck you
15:01 <reformed_nogg> fuck you
15:01 <jaygi1l> fuck you
15:01 <reformed_nogg> fuck you
15:01 jaygi1l joined #jgi1l
15:01 pls_fk_me_daddy joined #jgi1l
15:01 reformed_nogg joined #jgi1l
15:01 jaygi1l joined #jgi1l
15:01 <jaygi1l> Hi!
15:01 pls_fk_me_daddy joined #jgi1l
15:01 <pls_fk_me_daddy> Hi!
15:01 reformed_nogg joined #jgi1l
15:01 <reformed_nogg> Hi!
15:01 <jaygi1l> Hi!
15:01 <jaygi1l> Hi!
15:01 <pls_fk_me_daddy> Hi!
15:01 <reformed_nogg> Hi!
15:01 <pls_fk_me_daddy> Hi!
15:01 <reformed_nogg> Hi!
15:02 <jgi1l> !echo 4 TriHard
15:02 <jgi1l> !echo 4 TriHard
15:02 <jgi1l> !echo 4 TriHard
15:02 <jaygi1l> TriHard
15:02 <jaygi1l> TriHard TriHard
15:02 <pls_fk_me_daddy> TriHard
15:02 <pls_fk_me_daddy> TriHard TriHard
15:02 <reformed_nogg> TriHard
15:02 <reformed_nogg> TriHard TriHard
15:02 <jaygi1l> TriHard
15:02 <jaygi1l> TriHard
15:02 <pls_fk_me_daddy> TriHard
15:02 <pls_fk_me_daddy> TriHard
15:02 <reformed_nogg> TriHard
15:02 <reformed_nogg> TriHard
15:02 <jaygi1l> TriHard TriHard
15:02 <pls_fk_me_daddy> TriHard TriHard
15:02 <reformed_nogg> TriHard TriHard
15:02 <jaygi1l> TriHard TriHard
15:02 <jaygi1l> TriHard TriHard
15:02 <reformed_nogg> TriHard TriHard
15:02 <reformed_nogg> TriHard TriHard
15:02 <pls_fk_me_daddy> TriHard TriHard
15:02 <pls_fk_me_daddy> TriHard TriHard
15:02 <jaygi1l> TriHard
15:02 <pls_fk_me_daddy> TriHard
15:02 <reformed_nogg> TriHard
15:02 <jaygi1l> TriHard
15:02 <pls_fk_me_daddy> TriHard
15:02 <jaygi1l> TriHard
15:02 <pls_fk_me_daddy> TriHard
15:02 <reformed_nogg> TriHard
15:02 <reformed_nogg> TriHard
15:02 <jaygi1l> TriHard TriHard
15:02 <pls_fk_me_daddy> TriHard TriHard
15:02 <reformed_nogg> TriHard TriHard
15:02 <reformed_nogg> TriHard TriHard
15:02 <reformed_nogg> TriHard TriHard
15:02 <pls_fk_me_daddy> TriHard TriHard
15:02 <jaygi1l> TriHard TriHard
15:02 <pls_fk_me_daddy> TriHard TriHard
15:02 <jaygi1l> TriHard TriHard
15:03 jaygi1l joined #jgi1l
15:03 reformed_nogg joined #jgi1l
15:03 pls_fk_me_daddy joined #jgi1l
15:03 jaygi1l joined #jgi1l
15:03 <jaygi1l> Hi!
15:03 reformed_nogg joined #jgi1l
15:03 <reformed_nogg> Hi!
15:03 pls_fk_me_daddy joined #jgi1l
15:03 <pls_fk_me_daddy> Hi!
15:03 <reformed_nogg> Hi!
15:03 <reformed_nogg> Hi!
15:03 <pls_fk_me_daddy> Hi!
15:03 <pls_fk_me_daddy> Hi!
15:03 <jaygi1l> Hi!
15:03 <jaygi1l> Hi!
15:03 <jgi1l> !echo 3 Kappa
15:03 <jgi1l> !echo 3 Kappa
15:03 <jgi1l> !echo 3 Kappa
15:03 reformed_nogg joined #jgi1l
15:03 jaygi1l joined #jgi1l
15:03 pls_fk_me_daddy joined #jgi1l
15:03 reformed_nogg joined #jgi1l
15:03 <reformed_nogg> Hi!
15:03 jaygi1l joined #jgi1l
15:03 <jaygi1l> Hi!
15:03 pls_fk_me_daddy joined #jgi1l
15:03 <pls_fk_me_daddy> Hi!
15:04 <jgi1l> !echo 3 suck my dick Kappa
15:04 <jgi1l> !echo 3 suck my dick Kappa
15:04 <jgi1l> !echo 3 suck my dick Kappa
15:04 jaygi1l joined #jgi1l
15:04 reformed_nogg joined #jgi1l
15:04 pls_fk_me_daddy joined #jgi1l
15:04 jaygi1l joined #jgi1l
15:04 <jaygi1l> Hi!
15:04 pls_fk_me_daddy joined #jgi1l
15:04 <pls_fk_me_daddy> Hi!
15:04 reformed_nogg joined #jgi1l
15:04 <reformed_nogg> Hi!
15:04 <jaygi1l> Hi!
15:04 <jaygi1l> Hi!
15:04 <reformed_nogg> Hi!
15:04 <reformed_nogg> Hi!
15:04 <pls_fk_me_daddy> Hi!
15:04 <pls_fk_me_daddy> Hi!
15:04 <jgi1l> !echo 10 Kappa TriHard
15:04 <jgi1l> !echo 10 Kappa TriHard
15:04 <jgi1l> !echo 10 Kappa TriHard
15:04 <jaygi1l> Kappa TriHard
15:04 <jaygi1l> Kappa TriHard Kappa TriHard
15:04 <reformed_nogg> Kappa TriHard
15:04 <reformed_nogg> Kappa TriHard Kappa TriHard
15:04 <pls_fk_me_daddy> Kappa TriHard
15:04 <pls_fk_me_daddy> Kappa TriHard Kappa TriHard
15:04 <pls_fk_me_daddy> Kappa TriHard
15:04 <pls_fk_me_daddy> Kappa TriHard
15:04 <reformed_nogg> Kappa TriHard
15:04 <reformed_nogg> Kappa TriHard
15:04 <jaygi1l> Kappa TriHard
15:04 <jaygi1l> Kappa TriHard
15:04 <jaygi1l> Kappa TriHard Kappa TriHard
15:04 <reformed_nogg> Kappa TriHard Kappa TriHard
15:04 <pls_fk_me_daddy> Kappa TriHard Kappa TriHard
15:04 <pls_fk_me_daddy> Kappa TriHard Kappa TriHard
15:04 <pls_fk_me_daddy> Kappa TriHard Kappa TriHard
15:04 <jaygi1l> Kappa TriHard Kappa TriHard
15:04 <jaygi1l> Kappa TriHard Kappa TriHard
15:04 <reformed_nogg> Kappa TriHard Kappa TriHard
15:04 <reformed_nogg> Kappa TriHard Kappa TriHard
15:04 <jaygi1l> Kappa TriHard
15:04 <reformed_nogg> Kappa TriHard
15:04 <pls_fk_me_daddy> Kappa TriHard
15:04 <pls_fk_me_daddy> Kappa TriHard
15:04 <pls_fk_me_daddy> Kappa TriHard
15:04 <reformed_nogg> Kappa TriHard
15:04 <reformed_nogg> Kappa TriHard
15:04 <jaygi1l> Kappa TriHard
15:04 <jaygi1l> Kappa TriHard
15:05 <jaygi1l> Kappa TriHard Kappa TriHard
15:05 <reformed_nogg> Kappa TriHard Kappa TriHard
15:05 <pls_fk_me_daddy> Kappa TriHard Kappa TriHard
15:05 <jaygi1l> Kappa TriHard Kappa TriHard
15:05 <jaygi1l> Kappa TriHard Kappa TriHard
15:05 <reformed_nogg> Kappa TriHard Kappa TriHard
15:05 <pls_fk_me_daddy> Kappa TriHard Kappa TriHard
15:05 <pls_fk_me_daddy> Kappa TriHard Kappa TriHard
15:05 <reformed_nogg> Kappa TriHard Kappa TriHard
15:05 <jaygi1l> Kappa TriHard
15:05 <jaygi1l> Kappa TriHard Kappa TriHard
15:05 <reformed_nogg> Kappa TriHard
15:05 <reformed_nogg> Kappa TriHard Kappa TriHard
15:05 <pls_fk_me_daddy> Kappa TriHard
15:05 <pls_fk_me_daddy> Kappa TriHard Kappa TriHard
15:05 <jaygi1l> Kappa TriHard
15:05 <jaygi1l> Kappa TriHard
15:05 <reformed_nogg> Kappa TriHard
15:05 <pls_fk_me_daddy> Kappa TriHard
15:05 <pls_fk_me_daddy> Kappa TriHard
15:05 <reformed_nogg> Kappa TriHard
15:05 <jaygi1l> Kappa TriHard
15:05 <jaygi1l> Kappa TriHard Kappa TriHard
15:05 <reformed_nogg> Kappa TriHard
15:05 <reformed_nogg> Kappa TriHard Kappa TriHard
15:05 <pls_fk_me_daddy> Kappa TriHard
15:05 <pls_fk_me_daddy> Kappa TriHard Kappa TriHard
15:05 <jaygi1l> Kappa TriHard Kappa TriHard
15:05 <reformed_nogg> Kappa TriHard Kappa TriHard
15:05 <pls_fk_me_daddy> Kappa TriHard Kappa TriHard
15:05 <jaygi1l> Kappa TriHard Kappa TriHard
15:05 <jaygi1l> Kappa TriHard Kappa TriHard
15:05 <reformed_nogg> Kappa TriHard Kappa TriHard
15:05 <reformed_nogg> Kappa TriHard Kappa TriHard
15:05 <pls_fk_me_daddy> Kappa TriHard Kappa TriHard
15:05 <pls_fk_me_daddy> Kappa TriHard Kappa TriHard
15:05 <jaygi1l> Kappa TriHard
15:05 <reformed_nogg> Kappa TriHard
15:05 <pls_fk_me_daddy> Kappa TriHard
15:05 <reformed_nogg> Kappa TriHard
15:05 <reformed_nogg> Kappa TriHard
15:05 <jaygi1l> Kappa TriHard
15:05 <jaygi1l> Kappa TriHard
15:05 <pls_fk_me_daddy> Kappa TriHard
15:05 <pls_fk_me_daddy> Kappa TriHard
15:05 <jaygi1l> Kappa TriHard Kappa TriHard
15:05 <reformed_nogg> Kappa TriHard Kappa TriHard
15:05 <pls_fk_me_daddy> Kappa TriHard Kappa TriHard
15:05 <jaygi1l> Kappa TriHard Kappa TriHard
15:05 <jaygi1l> Kappa TriHard Kappa TriHard
15:05 <reformed_nogg> Kappa TriHard Kappa TriHard
15:05 <reformed_nogg> Kappa TriHard Kappa TriHard
15:05 <pls_fk_me_daddy> Kappa TriHard Kappa TriHard
15:05 <pls_fk_me_daddy> Kappa TriHard Kappa TriHard
15:05 <jgi1l> !echo 5 Fuck you
15:05 <jgi1l> !echo 5 Fuck you
15:05 <jgi1l> !echo 5 Fuck you
15:05 <pls_fk_me_daddy> Fuck you
15:05 <pls_fk_me_daddy> Fuck you Fuck you
15:05 <jaygi1l> Fuck you
15:05 <jaygi1l> Fuck you Fuck you
15:05 <reformed_nogg> Fuck you
15:05 <reformed_nogg> Fuck you Fuck you
15:05 <pls_fk_me_daddy> Fuck you
15:05 <jaygi1l> Fuck you
15:05 <jaygi1l> Fuck you
15:05 <reformed_nogg> Fuck you
15:05 <pls_fk_me_daddy> Fuck you
15:05 <reformed_nogg> Fuck you
15:05 <pls_fk_me_daddy> Fuck you Fuck you
15:05 <jaygi1l> Fuck you Fuck you
15:05 <reformed_nogg> Fuck you Fuck you
15:05 <pls_fk_me_daddy> Fuck you Fuck you
15:05 <pls_fk_me_daddy> Fuck you Fuck you
15:05 <reformed_nogg> Fuck you Fuck you
15:05 <reformed_nogg> Fuck you Fuck you
15:05 <jaygi1l> Fuck you Fuck you
15:05 <jaygi1l> Fuck you Fuck you
15:05 <pls_fk_me_daddy> Fuck you
15:05 <jaygi1l> Fuck you
15:05 <reformed_nogg> Fuck you
15:05 <pls_fk_me_daddy> Fuck you
15:05 <pls_fk_me_daddy> Fuck you
15:05 <jaygi1l> Fuck you
15:05 <jaygi1l> Fuck you
15:05 <reformed_nogg> Fuck you
15:05 <reformed_nogg> Fuck you
15:05 <pls_fk_me_daddy> Fuck you Fuck you
15:05 <jaygi1l> Fuck you Fuck you
15:05 <reformed_nogg> Fuck you Fuck you
15:05 <pls_fk_me_daddy> Fuck you Fuck you
15:05 <pls_fk_me_daddy> Fuck you Fuck you
15:05 <jaygi1l> Fuck you Fuck you
15:05 <jaygi1l> Fuck you Fuck you
15:05 <reformed_nogg> Fuck you Fuck you
15:05 <reformed_nogg> Fuck you Fuck you
15:05 <pls_fk_me_daddy> Fuck you
15:05 <pls_fk_me_daddy> Fuck you Fuck you
15:05 <jaygi1l> Fuck you
15:05 <jaygi1l> Fuck you Fuck you
15:05 <reformed_nogg> Fuck you
15:05 <reformed_nogg> Fuck you Fuck you
15:05 <pls_fk_me_daddy> Fuck you
15:05 <pls_fk_me_daddy> Fuck you
15:05 <jaygi1l> Fuck you
15:05 <jaygi1l> Fuck you
15:05 <reformed_nogg> Fuck you
15:05 <reformed_nogg> Fuck you
15:19 reformed_nogg joined #jgi1l
15:19 pls_fk_me_daddy joined #jgi1l
15:19 jaygi1l joined #jgi1l
15:19 reformed_nogg joined #jgi1l
15:19 <reformed_nogg> Hi!
15:19 pls_fk_me_daddy joined #jgi1l
15:19 <pls_fk_me_daddy> Hi!
15:19 jaygi1l joined #jgi1l
15:19 <jaygi1l> Hi!
15:19 <reformed_nogg> Hi!
15:19 <reformed_nogg> Hi!
15:19 <pls_fk_me_daddy> Hi!
15:19 <pls_fk_me_daddy> Hi!
15:19 <jaygi1l> Hi!
15:19 <jaygi1l> Hi!
